2022-12-05 15:28:16,581 - UI - INFO - initial UI
2022-12-05 15:28:16,581 - UI - DEBUG - initial main UI
2022-12-05 15:28:32,541 - UI - INFO - Import Dicom inhale/_Low
2022-12-05 15:28:41,960 - UI - INFO - Load inhale/Low Dicom: C:/LCGS/CT/20220615/S43320/
2022-12-05 15:28:44,573 - UI - DEBUG - Show Low Dicom Axial
2022-12-05 15:28:44,948 - UI - DEBUG - Show Low Dicom Sagittal
2022-12-05 15:28:45,309 - UI - DEBUG - Show Low Dicom Coronal
2022-12-05 15:28:45,600 - UI - DEBUG - Show Low Dicom Axial
2022-12-05 15:28:45,960 - UI - DEBUG - Show Low Dicom Sagittal
2022-12-05 15:28:46,308 - UI - DEBUG - Show Low Dicom Coronal
2022-12-05 15:28:46,309 - UI - DEBUG - Set Low Dicom Window Width
2022-12-05 15:28:46,540 - UI - DEBUG - Show Low Dicom Axial
2022-12-05 15:28:46,901 - UI - DEBUG - Show Low Dicom Sagittal
2022-12-05 15:28:47,249 - UI - DEBUG - Show Low Dicom Coronal
2022-12-05 15:28:47,249 - UI - DEBUG - Set Low Dicom Window Level
2022-12-05 15:28:47,249 - UI - DEBUG - Loaded inhale/Low Dicom
2022-12-05 15:28:47,483 - UI - DEBUG - Show Low Dicom Axial
2022-12-05 15:28:47,840 - UI - DEBUG - Show Low Dicom Sagittal
2022-12-05 15:28:48,185 - UI - DEBUG - Show Low Dicom Coronal
2022-12-05 15:28:57,987 - UI - INFO - get candidate ball:
2022-12-05 15:28:57,987 - UI - INFO - [ 39.2326515   79.69522682 345.23365694]
2022-12-05 15:28:57,987 - UI - INFO - [179.07444575  77.83056076 347.10288425]
2022-12-05 15:28:57,988 - UI - INFO - [ 36.76881556  80.23388123 494.97371972]
2022-12-05 15:28:57,988 - UI - INFO - [176.63176656  78.10218076 496.75256146]
2022-12-05 15:29:09,058 - UI - INFO - get selected balls
2022-12-05 15:29:09,058 - UI - INFO - get registration balls:
2022-12-05 15:29:09,058 - UI - INFO - [ 176.63176656   78.10218076 -496.75256146]
2022-12-05 15:29:09,059 - UI - INFO - [ 179.07444575   77.83056076 -347.10288425]
2022-12-05 15:29:09,059 - UI - INFO - [  36.76881556   80.23388123 -494.97371972]
2022-12-05 15:29:09,059 - UI - INFO - registration error (min, max, mean): [10.109494654039054, 65.23755094243703, 43.62001101212999]
2022-12-05 15:29:09,060 - UI - INFO - get registration matrix: 
2022-12-05 15:29:09,060 - UI - INFO - [-2.38529873e-05 -1.56581126e-03  9.99998774e-01]
2022-12-05 15:29:09,061 - UI - INFO - [-0.99988399  0.01523186  0.        ]
2022-12-05 15:29:09,061 - UI - INFO - [-0.01523184 -0.99988276 -0.00156599]
2022-12-05 15:29:19,342 - UI - DEBUG - Show Low Dicom Coronal
2022-12-05 15:29:19,690 - UI - DEBUG - Show Low Dicom Coronal
2022-12-05 15:29:20,728 - UI - DEBUG - Show Low Dicom Coronal
2022-12-05 15:29:21,077 - UI - DEBUG - Show Low Dicom Coronal
2022-12-05 15:29:22,454 - UI - DEBUG - Show Low Dicom Coronal
2022-12-05 15:29:22,809 - UI - DEBUG - Show Low Dicom Coronal
2022-12-05 15:29:24,074 - UI - DEBUG - Show Low Dicom Coronal
2022-12-05 15:29:24,927 - UI - DEBUG - Show Low Dicom Coronal
2022-12-05 15:29:25,543 - UI - DEBUG - Show Low Dicom Coronal
2022-12-05 15:29:27,211 - UI - DEBUG - Show Low Dicom Coronal
2022-12-05 15:29:29,061 - UI - DEBUG - Show Low Dicom Coronal
2022-12-05 15:29:29,909 - UI - DEBUG - Show Low Dicom Coronal
2022-12-05 15:30:37,901 - UI - DEBUG - Show Low Dicom Coronal
2022-12-05 15:30:38,450 - UI - DEBUG - Show Low Dicom Coronal
2022-12-05 15:30:41,075 - UI - DEBUG - Show Low Dicom Coronal
2022-12-05 15:30:41,669 - UI - DEBUG - Show Low Dicom Coronal
2022-12-05 15:30:42,510 - UI - DEBUG - Show Low Dicom Coronal
2022-12-05 15:30:43,339 - UI - DEBUG - Show Low Dicom Coronal
2022-12-05 15:30:44,093 - UI - DEBUG - Show Low Dicom Coronal
2022-12-05 15:31:10,898 - UI - INFO - Import Dicom exhale/_High
2022-12-05 15:31:16,509 - UI - INFO - Load exhale/High Dicom: C:/LCGS/CT/20220615/S43320/
2022-12-05 15:31:19,128 - UI - DEBUG - Show High Dicom Axial
2022-12-05 15:31:19,502 - UI - DEBUG - Show High Dicom Sagittal
2022-12-05 15:31:19,863 - UI - DEBUG - Show High Dicom Coronal
2022-12-05 15:31:20,160 - UI - DEBUG - Show High Dicom Axial
2022-12-05 15:31:20,519 - UI - DEBUG - Show High Dicom Sagittal
2022-12-05 15:31:20,866 - UI - DEBUG - Show High Dicom Coronal
2022-12-05 15:31:20,867 - UI - DEBUG - Set High Dicom Window Width
2022-12-05 15:31:21,099 - UI - DEBUG - Show High Dicom Axial
2022-12-05 15:31:21,461 - UI - DEBUG - Show High Dicom Sagittal
2022-12-05 15:31:21,809 - UI - DEBUG - Show High Dicom Coronal
2022-12-05 15:31:21,809 - UI - DEBUG - Set High Dicom Window Level
2022-12-05 15:31:21,809 - UI - DEBUG - Loaded exhale/High Dicom
2022-12-05 15:31:22,036 - UI - DEBUG - Show High Dicom Axial
2022-12-05 15:31:22,394 - UI - DEBUG - Show High Dicom Sagittal
2022-12-05 15:31:22,743 - UI - DEBUG - Show High Dicom Coronal
2022-12-05 15:31:30,226 - UI - INFO - get candidate ball:
2022-12-05 15:31:30,226 - UI - INFO - [ 39.2326515   79.69522682 345.23365694]
2022-12-05 15:31:30,226 - UI - INFO - [179.07444575  77.83056076 347.10288425]
2022-12-05 15:31:30,226 - UI - INFO - [ 36.76881556  80.23388123 494.97371972]
2022-12-05 15:31:30,227 - UI - INFO - [176.63176656  78.10218076 496.75256146]
2022-12-05 15:31:43,119 - UI - INFO - get selected balls
2022-12-05 15:31:43,119 - UI - INFO - get registration balls:
2022-12-05 15:31:43,119 - UI - INFO - [ 176.63176656   78.10218076 -496.75256146]
2022-12-05 15:31:43,120 - UI - INFO - [ 179.07444575   77.83056076 -347.10288425]
2022-12-05 15:31:43,120 - UI - INFO - [  36.76881556   80.23388123 -494.97371972]
2022-12-05 15:31:43,120 - UI - INFO - registration error (min, max, mean): [10.109494654039054, 65.23755094243703, 43.62001101212999]
2022-12-05 15:31:43,121 - UI - INFO - get registration matrix: 
2022-12-05 15:31:43,121 - UI - INFO - [-2.38529873e-05 -1.56581126e-03  9.99998774e-01]
2022-12-05 15:31:43,121 - UI - INFO - [-0.99988399  0.01523186  0.        ]
2022-12-05 15:31:43,122 - UI - INFO - [-0.01523184 -0.99988276 -0.00156599]
2022-12-05 15:31:56,068 - UI - DEBUG - Show High Dicom Coronal
2022-12-05 15:31:56,416 - UI - DEBUG - Show High Dicom Coronal
2022-12-05 15:31:57,480 - UI - DEBUG - Show High Dicom Coronal
2022-12-05 15:31:57,825 - UI - DEBUG - Show High Dicom Coronal
2022-12-05 15:31:58,806 - UI - DEBUG - Show High Dicom Coronal
2022-12-05 15:31:59,147 - UI - DEBUG - Show High Dicom Coronal
2022-12-05 15:32:00,128 - UI - DEBUG - Show High Dicom Coronal
2022-12-05 15:32:00,472 - UI - DEBUG - Show High Dicom Coronal
2022-12-05 15:32:01,356 - UI - DEBUG - Show High Dicom Coronal
2022-12-05 15:32:01,704 - UI - DEBUG - Show High Dicom Coronal
2022-12-05 15:32:14,223 - UI - DEBUG - Show High Dicom Coronal
2022-12-05 15:32:14,959 - UI - DEBUG - Show High Dicom Coronal
2022-12-05 15:32:16,442 - UI - DEBUG - Show High Dicom Coronal
2022-12-05 15:32:16,862 - UI - DEBUG - Show High Dicom Coronal
2022-12-05 15:32:17,426 - UI - DEBUG - Show High Dicom Coronal
2022-12-05 15:32:18,037 - UI - DEBUG - Show High Dicom Coronal
2022-12-05 15:32:18,660 - UI - DEBUG - Show High Dicom Coronal
